present_agent provide_agent state_agent remind_agent order_agent explain_agent intend_agent boss_attribute announce_agent manager_attribute
meet_patient say_agent girlfriend_attribute come_patient call_patient offer_agent arrive_patient encounter_patient boss_attribute neighbor_attribute
meet_agent shock_patient living_attribute determine_patient offer_patient join_agent spend_agent rush_agent horrify_patient confess_patient
wealthy_attribute own_attribute boss_attribute businessman_attribute elderly_attribute older_attribute younger_attribute husband_attribute elder_attribute uncle_attribute
give_patient win_agent start_agent play_agent player_attribute fail_agent end_agent feel_agent lose_agent kick_patient
man_attribute woman_attribute boy_attribute girl_attribute lady_attribute soldier_attribute member_attribute person_attribute officer_attribute kid_attribute
tell_agent explain_agent decline_agent reply_agent annoy_patient suggest_agent worry_patient hear_patient deny_agent shock_patient
find_agent spot_agent panic_agent smile_agent horrify_patient attend_agent convince_patient sit_agent confuse_patient stare_agent
happy_attribute upset_patient unhappy_attribute upset_attribute sing_patient doesn_agent like_patient flirt_patient complain_agent cheat_patient
free_agent defeat_agent locate_agent capture_patient ambush_patient tie_patient activate_agent evade_agent escape_attribute disarm_patient
worried_attribute confuse_patient annoyed_attribute cheer_patient worry_patient smile_agent surprise_patient thank_patient sad_attribute annoy_patient
high_attribute school_attribute college_attribute student_attribute teacher_attribute singer_attribute poor_attribute revolve_patient talented_attribute character_attribute
boy_attribute student_attribute character_attribute girl_attribute school_attribute high_attribute man_attribute woman_attribute teacher_attribute child_attribute
discover_agent kill_agent wife_attribute survive_agent recognize_agent inform_patient rush_agent overpower_patient accuse_patient stab_patient
decide_agent begin_agent attempt_agent suffer_agent lose_agent remove_agent move_agent throw_patient use_agent turn_agent
go_agent sure_attribute suspicious_attribute head_agent annoyed_attribute grab_agent surprise_patient drunk_attribute warn_patient smile_agent
reconcile_agent earn_agent writer_attribute living_attribute reluctant_attribute determine_patient attend_agent successful_attribute accept_agent develop_agent
other_attribute new_attribute former_attribute school_attribute high_attribute local_attribute fellow_attribute college_attribute female_attribute several_attribute
get_agent make_agent chase_patient stick_patient break_agent climb_agent hit_patient push_agent swim_agent kick_patient
marry_patient fall_patient marry_agent propose_patient woo_patient love_patient love_agent engage_patient beautiful_attribute attract_patient
daughter_attribute beautiful_attribute girl_attribute fall_patient woman_attribute propose_patient pregnant_attribute girlfriend_attribute marry_agent love_patient
die_agent live_patient dead_attribute murder_patient alive_attribute own_attribute visit_patient biological_attribute bury_patient see_patient
kill_patient killer_attribute gang_attribute evil_attribute new_attribute commit_agent escape_patient free_patient capture_agent murder_agent
arrest_patient sentence_patient beat_agent convict_patient beat_patient release_patient threaten_agent steal_agent frame_patient catch_patient
see_agent wake_patient hurt_patient yell_patient lay_agent scared_attribute sit_agent angry_attribute close_agent listen_agent
son_attribute brother_attribute child_attribute sister_attribute daughter_attribute parent_attribute baby_attribute mother_attribute father_attribute boy_attribute
several_attribute survivor_attribute prisoner_attribute german_attribute soldier_attribute defeat_patient capture_patient alien_attribute imprison_patient fighter_attribute
come_agent dead_attribute make_agent fall_agent kill_patient meet_patient stumble_agent name_agent close_attribute only_attribute
tell_patient worried_attribute remind_patient explain_agent worry_patient miss_agent surprised_attribute note_agent dance_patient wish_patient
have_agent forgive_patient worry_patient perform_agent apologize_agent talk_patient flirt_patient like_agent devastate_patient fail_agent
find_patient want_agent protect_patient alive_attribute pregnant_attribute die_agent visit_patient rape_patient daughter_attribute live_patient
arrive_agent give_agent send_agent kidnap_agent own_attribute avenge_patient blackmail_patient younger_attribute sentence_patient engage_patient
investigate_agent arrive_agent reunite_patient mother_attribute wife_attribute capture_patient travel_agent encounter_agent awaken_agent inform_agent
leave_agent afraid_attribute let_patient forgive_patient sit_patient worried_attribute answer_agent trust_patient next_attribute shake_patient
ask_agent decide_agent give_patient best_attribute propose_agent save_agent love_patient wait_patient have_patient father_attribute
father_attribute mother_attribute wife_attribute parent_attribute husband_attribute uncle_attribute grandmother_attribute sister_attribute brother_attribute king_attribute
mysterious_attribute elderly_attribute white_attribute strange_attribute old_attribute same_attribute family_attribute middle-aged_attribute many_attribute con_attribute
baby_attribute raise_patient child_attribute daughter_attribute bear_patient teenage_attribute adopt_patient orphan_attribute sister_attribute little_attribute
take_agent overhear_agent punch_agent approach_agent figure_agent knock_agent challenge_agent confirm_agent accuse_agent inform_agent
woman_attribute wife_attribute beautiful_attribute girl_attribute mother_attribute stab_agent rape_patient pregnant_attribute attractive_attribute girlfriend_attribute
young_attribute mysterious_attribute white_attribute elderly_attribute main_attribute middle-aged_attribute other_attribute strange_attribute little_attribute poor_attribute
police_attribute officer_attribute detective_attribute corrupt_attribute chief_attribute inspector_attribute agent_attribute private_attribute british_attribute cop_attribute
take_patient rescue_attribute save_patient protect_patient possess_patient locate_patient hold_patient safe_attribute unconscious_attribute search_patient
friend_attribute boyfriend_attribute girlfriend_attribute student_attribute sweetheart_attribute member_attribute guy_attribute neighbor_attribute high_attribute teacher_attribute
detective_attribute fire_agent interrogate_agent disarm_patient point_agent order_agent grab_agent instruct_agent shoot_agent private_attribute
be_agent stand_agent angry_attribute draw_agent remind_agent ask_patient scream_agent replace_agent fire_patient beg_agent
best_attribute childhood_attribute close_attribute old_attribute good_attribute boyfriend_attribute family_attribute friend_attribute partner_attribute new_attribute
serial_attribute killer_attribute vampire_attribute monster_attribute ambush_agent drug_attribute dealer_attribute guard_attribute henchman_attribute evil_attribute
try_agent fire_agent chase_agent grab_agent about_attribute win_agent proceed_agent drop_agent throw_agent toss_agent
pop_agent slam_agent grab_patient grab_agent lift_agent chase_patient jump_agent scream_agent wake_patient bite_agent
