man_attribute woman_attribute boy_attribute girl_attribute soldier_attribute lady_attribute officer_attribute member_attribute student_attribute guy_attribute
child_attribute son_attribute sister_attribute brother_attribute daughter_attribute baby_attribute parent_attribute mother_attribute boy_attribute wife_attribute
be_agent angry_attribute draw_agent stand_agent scream_agent ask_patient remind_agent upset_patient sail_agent shout_agent
boss_attribute order_agent mob_attribute instruct_agent demand_agent detective_attribute send_agent police_attribute corrupt_attribute major_attribute
baby_attribute own_attribute have_patient younger_attribute live_patient twin_attribute teenage_attribute little_attribute kidnap_patient raise_patient
take_patient rescue_attribute save_patient protect_patient raise_patient search_patient kidnap_patient possess_patient have_patient bear_patient
try_agent fire_agent chase_agent throw_agent proceed_agent find_patient win_agent grab_agent toss_agent force_agent
wealthy_attribute businessman_attribute rich_attribute famous_attribute business_attribute elderly_attribute childhood_attribute former_attribute new_attribute aspiring_attribute
go_agent sure_attribute grab_agent annoyed_attribute smile_agent wake_patient head_agent worried_attribute sit_agent scared_attribute
win_agent play_agent fail_agent kick_patient player_attribute best_attribute hit_agent school_attribute start_agent good_attribute
beautiful_attribute woman_attribute daughter_attribute girl_attribute wife_attribute girlfriend_attribute propose_patient fall_patient pregnant_attribute marry_patient
young_attribute old_attribute mysterious_attribute character_attribute attractive_attribute main_attribute high_attribute white_attribute revolve_patient elderly_attribute
mother_attribute father_attribute wife_attribute parent_attribute husband_attribute uncle_attribute grandmother_attribute younger_attribute aunt_attribute older_attribute
pop_agent slam_agent grab_agent lift_agent launch_patient crawl_agent dive_agent jump_agent wake_patient grab_patient
die_agent wife_attribute sister_attribute live_patient mother_attribute suffer_agent murder_patient rape_patient pregnant_attribute ill_attribute
kill_patient killer_attribute gang_attribute commit_agent murder_agent evil_attribute wound_patient injure_agent escape_patient strangle_agent
investigate_agent detective_attribute private_attribute assign_patient locate_agent investigator_attribute deduce_agent order_patient promote_patient summon_patient
tell_patient worried_attribute miss_agent wake_patient hers_attribute heartbroken_attribute explain_agent dance_patient wish_patient sick_attribute
young_attribute orphan_attribute decide_agent raise_patient adopt_patient befriend_agent poor_attribute marry_agent fall_patient talented_attribute
friend_attribute boyfriend_attribute student_attribute member_attribute partner_attribute high_attribute teacher_attribute girlfriend_attribute sweetheart_attribute guy_attribute
take_agent furious_attribute sentence_patient stop_patient punch_agent fire_agent angry_attribute plan_agent arrest_patient beat_agent
tell_agent annoy_patient reply_agent explain_agent write_patient worry_patient worried_attribute walk_patient late_attribute say_patient
leave_agent forgive_patient assume_agent introduce_agent afraid_attribute let_patient help_patient sit_patient next_attribute suspect_agent
serial_attribute drug_attribute dealer_attribute ambush_agent vampire_attribute guard_attribute corrupt_attribute killer_attribute henchman_attribute assassin_attribute
find_agent spot_agent horrify_patient encounter_agent evade_agent panic_agent detective_attribute able_attribute warn_patient private_attribute
have_agent worry_patient forgive_patient throw_patient fail_agent perform_agent apologize_agent follow_agent buy_agent continue_agent
capture_patient free_patient defeat_agent imprison_patient defeat_patient rescue_attribute destroy_agent fly_patient rescue_patient recapture_patient
school_attribute high_attribute former_attribute police_attribute college_attribute fellow_attribute female_attribute other_attribute teacher_attribute character_attribute
same_attribute older_attribute dead_attribute rich_attribute innocent_attribute murder_patient younger_attribute abusive_attribute biological_attribute elder_attribute
happy_attribute reassure_patient worried_attribute upset_attribute hurt_patient sing_patient worry_patient pack_agent sad_attribute disappoint_patient
