best_attribute childhood_attribute new_attribute family_attribute former_attribute old_attribute school_attribute college_attribute other_attribute who_attribute
boss_attribute corrupt_attribute crime_attribute leader_attribute lord_attribute chief_attribute gangster_attribute serial_attribute drug_attribute killer_attribute
man_attribute boy_attribute woman_attribute soldier_attribute lady_attribute girl_attribute officer_attribute son_attribute member_attribute person_attribute
mother_attribute father_attribute wife_attribute parent_attribute husband_attribute sister_attribute brother_attribute grandmother_attribute uncle_attribute aunt_attribute
worried_attribute reply_agent worry_patient sit_agent complain_agent walk_patient annoy_patient state_agent apologize_agent ask_patient
monster_attribute rescue_attribute destroy_patient zombie_attribute free_patient possess_patient bite_patient capture_patient transform_patient alien_attribute
beautiful_attribute woman_attribute girl_attribute daughter_attribute fall_patient propose_patient attractive_attribute widow_attribute wife_attribute pregnant_attribute
pop_agent grab_agent slam_agent lift_agent chase_agent jump_agent launch_patient hit_agent pull_patient crawl_agent
leave_agent forgive_patient introduce_agent disapprove_agent upset_patient parent_attribute buy_agent assume_agent quit_agent receive_patient
be_agent scream_agent talk_patient ask_patient stand_agent shout_agent draw_agent laugh_agent remind_agent upset_patient
reconcile_agent living_attribute devastate_patient quit_agent shock_patient reject_patient reject_agent struggle_agent disgust_patient forgive_agent
take_patient have_patient want_patient marry_agent eldest_attribute fall_patient teenage_attribute youngest_attribute marry_patient keep_patient
kill_patient killer_attribute gang_attribute evil_attribute murder_agent escape_patient wound_patient kidnap_agent drug_attribute commit_agent
go_agent sure_attribute annoyed_attribute sit_patient surprise_patient heartbroken_attribute surprised_attribute frustrated_attribute hurt_patient smile_agent
take_agent approach_agent punch_agent knock_agent fire_agent pull_agent figure_agent fight_patient stab_patient murder_agent
find_agent horrify_patient attend_agent encounter_agent detective_attribute approach_patient rent_agent offer_patient haunt_patient convince_patient
sister_attribute daughter_attribute brother_attribute child_attribute son_attribute widow_attribute baby_attribute actress_attribute single_attribute dancer_attribute
live_patient younger_attribute have_patient own_attribute sick_attribute teenage_attribute older_attribute s_attribute eldest_attribute little_attribute
police_attribute officer_attribute corrupt_attribute local_attribute inspector_attribute cop_attribute former_attribute detective_attribute british_attribute chief_attribute
try_agent chase_agent fire_agent find_patient toss_agent distract_patient rescue_agent grab_agent proceed_agent get_agent
have_agent forgive_patient successful_attribute fall_agent famous_attribute perform_agent arrange_agent earn_agent devastate_patient fail_agent
character_attribute high_attribute school_attribute student_attribute main_attribute college_attribute teacher_attribute american_attribute player_attribute talented_attribute
young_attribute mysterious_attribute elderly_attribute white_attribute old_attribute same_attribute strange_attribute attractive_attribute middle-aged_attribute poor_attribute
friend_attribute boyfriend_attribute girlfriend_attribute student_attribute member_attribute sweetheart_attribute guy_attribute partner_attribute kid_attribute neighbor_attribute
locate_agent ambush_patient investigate_agent wound_patient private_attribute overpower_agent deduce_agent detective_attribute disarm_agent investigator_attribute
tell_patient reunite_patient recognize_patient depart_agent inform_patient give_agent abandon_agent contact_patient advise_agent living_attribute
sentence_patient engage_patient arrest_patient marry_patient unite_patient kidnap_agent get_agent rich_attribute wealthy_attribute marry_agent
girl_attribute friend_attribute other_attribute woman_attribute police_attribute killer_attribute school_attribute several_attribute local_attribute boy_attribute
defeat_agent child_attribute boy_attribute transport_patient kid_attribute capture_patient win_agent fly_agent fly_patient rescue_patient
tell_agent explain_agent decline_agent deny_agent suggest_agent assure_agent discuss_agent invite_agent arrange_agent annoy_patient
