police_attribute officer_attribute detective_attribute corrupt_attribute inspector_attribute chief_attribute former_attribute cop_attribute boss_attribute private_attribute
high_attribute school_attribute student_attribute college_attribute character_attribute encounter_agent teacher_attribute boy_attribute american_attribute main_attribute
order_agent boss_attribute offer_agent instruct_agent state_agent advise_agent greet_agent suggest_agent claim_agent interrupt_agent
brother_attribute son_attribute sister_attribute mother_attribute child_attribute father_attribute parent_attribute daughter_attribute husband_attribute wife_attribute
fall_patient beautiful_attribute propose_patient marry_patient daughter_attribute love_patient girl_attribute woman_attribute woo_patient pregnant_attribute
be_agent angry_attribute stand_agent upset_patient scream_agent confuse_patient hurt_patient ask_patient pack_agent love_agent
friend_attribute boyfriend_attribute student_attribute girlfriend_attribute sweetheart_attribute partner_attribute member_attribute high_attribute teacher_attribute neighbor_attribute
find_agent spot_agent horrify_patient convince_patient attend_agent panic_agent rent_agent confuse_patient approach_patient disturb_patient
father_attribute mother_attribute parent_attribute wife_attribute husband_attribute uncle_attribute grandmother_attribute aunt_attribute marry_patient younger_attribute
sweetheart_attribute widow_attribute actress_attribute dancer_attribute attractive_attribute singer_attribute lady_attribute rich_attribute childhood_attribute beautiful_attribute
other_attribute new_attribute former_attribute who_attribute family_attribute local_attribute only_attribute school_attribute many_attribute fellow_attribute
ambush_agent monster_attribute alien_attribute guard_attribute henchman_attribute security_attribute vampire_attribute zombie_attribute capture_agent serial_attribute
dead_attribute stab_patient try_agent alive_attribute find_patient shoot_patient murder_patient shoot_agent murder_agent stab_agent
boss_attribute kidnap_agent threaten_agent killer_attribute uncle_attribute work_patient abusive_attribute own_attribute elder_attribute rape_agent
reassure_patient worried_attribute upset_attribute happy_attribute worry_patient pack_agent hurt_patient sure_attribute sad_attribute upset_patient
wife_attribute mother_attribute woman_attribute sister_attribute die_agent murder_patient rape_patient dead_attribute pregnant_attribute alive_attribute
have_agent forgive_patient flirt_patient lonely_attribute devastate_patient worry_patient perform_agent upset_patient attract_patient fail_agent
alcoholic_attribute arrange_agent wealthy_attribute blackmail_patient provide_agent businessman_attribute reconcile_patient assassinate_patient contact_patient single_attribute
kidnap_patient rescue_attribute free_patient rescue_patient capture_patient save_patient take_patient locate_patient imprison_patient protect_patient
assign_patient win_agent promote_patient gain_agent determine_patient grant_patient offer_patient develop_agent succeed_agent earn_agent
kill_patient killer_attribute evil_attribute gang_attribute new_attribute drug_attribute escape_patient murder_agent consist_patient commit_agent
tell_agent annoy_patient explain_agent decline_agent worried_attribute next_attribute shock_patient reply_agent deny_agent walk_patient
take_agent high_attribute school_attribute student_attribute character_attribute writer_attribute conclude_agent horrify_patient investigate_agent struggle_agent
baby_attribute child_attribute raise_patient bear_patient adopt_patient orphan_attribute daughter_attribute teenage_attribute princess_attribute care_patient
several_attribute german_attribute drug_attribute soldier_attribute corrupt_attribute local_attribute member_attribute dealer_attribute powerful_attribute lord_attribute
pop_agent grab_patient slam_agent chase_patient wake_patient lift_agent grab_agent eat_patient scream_agent jump_agent
go_agent head_agent suspicious_attribute taunt_patient smile_agent spot_agent annoyed_attribute wake_patient wander_agent warn_patient
man_attribute woman_attribute boy_attribute girl_attribute lady_attribute soldier_attribute member_attribute student_attribute character_attribute officer_attribute
disarm_patient toss_agent dive_agent pop_agent taunt_patient launch_patient knock_patient grab_agent slam_agent lift_agent
young_attribute attractive_attribute mysterious_attribute poor_attribute elderly_attribute beautiful_attribute middle-aged_attribute white_attribute married_attribute village_attribute
